<?xml version="1.0" encoding="UTF-8"?>
<!-- Generated by org.testng.reporters.JUnitXMLReporter -->
<testsuite hostname="Inspiron3542" name="Test" tests="3" failures="0" timestamp="3 Dec 2016 17:10:06 GMT" time="68.471" errors="0">
  <testcase name="testInvaliLogin" time="18.993" classname="euro.genomics.scripts.InvalidLogin"/>
  <testcase name="testValidLoginLogout" time="4.245" classname="euro.genomics.scripts.ValidLoginLogout"/>
  <testcase name="testVerifyProductVersion" time="7.718" classname="euro.genomics.scripts.VerifyProductVersion"/>
</testsuite> <!-- Test -->
